[2024-05-02T22:21:31.976] [DEBUG] default - OPTIONS /icon/getList
[2024-05-02T22:21:31.982] [DEBUG] default - GET /icon/getList
[2024-05-02T22:21:35.971] [DEBUG] default - OPTIONS /systemlog/getList
[2024-05-02T22:21:35.974] [DEBUG] default - POST /systemlog/getList
[2024-05-03T15:43:22.963] [DEBUG] default - OPTIONS /systemlog/getList
[2024-05-03T15:43:22.975] [DEBUG] default - POST /systemlog/getList
[2024-05-03T17:42:56.032] [DEBUG] default - GET /icon/getList
[2024-05-03T17:43:05.422] [DEBUG] default - GET /systemlog/getList
[2024-05-03T17:43:11.470] [DEBUG] default - POST /systemlog/getList
[2024-05-03T17:47:01.329] [DEBUG] default - GET /timeline/getList
[2024-05-03T17:47:11.512] [DEBUG] default - POST /comment/getList
[2024-05-03T17:48:08.262] [DEBUG] default - POST /comment/getList
[2024-05-03T21:10:34.882] [DEBUG] default - GET /timeline/getList
[2024-05-03T21:10:54.661] [DEBUG] default - POST /order/getList
[2024-05-03T21:13:52.962] [DEBUG] default - POST /order/getList
[2024-05-03T21:13:59.204] [DEBUG] default - POST /order/getList
[2024-05-03T21:14:02.594] [DEBUG] default - POST /order/getList
[2024-05-03T21:17:21.762] [DEBUG] default - POST /order/getList
[2024-05-03T21:21:22.897] [DEBUG] default - POST /order/getList
[2024-05-03T21:23:13.615] [DEBUG] default - POST /order/getList
[2024-05-03T21:23:23.439] [DEBUG] default - POST /order/getList
[2024-05-03T21:23:44.770] [DEBUG] default - POST /order/getList
[2024-05-03T21:23:50.457] [DEBUG] default - POST /comment/getList
[2024-05-03T21:24:02.266] [DEBUG] default - POST /systemlog/getList
[2024-05-03T21:26:47.379] [DEBUG] default - POST /order/getList
[2024-05-03T21:27:19.115] [DEBUG] default - POST /icon/getList
[2024-05-03T21:28:03.440] [DEBUG] default - GET /icon/getList
[2024-05-04T17:11:07.497] [DEBUG] default - POST /stastic/getList
[2024-05-04T17:11:11.773] [DEBUG] default - GET /stastic/getList
[2024-05-04T17:12:40.719] [DEBUG] default - GET /stastic/getList
[2024-05-04T17:13:18.770] [DEBUG] default - GET /timeline/getList
[2024-05-04T17:13:21.346] [DEBUG] default - GET /stastic/getList
[2024-05-04T17:13:32.591] [DEBUG] default - GET /stastic/getList
[2024-05-04T17:14:31.890] [DEBUG] default - GET /stastic/getList
[2024-05-04T17:15:02.715] [DEBUG] default - GET /stastic/getList
[2024-05-04T17:16:07.280] [DEBUG] default - GET /stastic/getList
[2024-05-04T17:19:26.909] [DEBUG] default - GET /stastic/getList
[2024-05-04T17:22:43.802] [DEBUG] default - GET /stastic/getList
[2024-05-04T17:24:49.723] [DEBUG] default - GET /stastic/getList
[2024-05-04T17:26:10.186] [DEBUG] default - GET /stastic/getList
[2024-05-04T17:28:21.452] [DEBUG] default - POST /comment/getList
[2024-05-04T17:28:38.938] [DEBUG] default - GET /stastic/getList
[2024-05-04T17:29:23.480] [DEBUG] default - GET /stastic/getList
[2024-05-04T17:43:15.310] [DEBUG] default - GET /stastic/getList
[2024-05-04T17:43:36.457] [DEBUG] default - GET /stastic/getList
[2024-05-04T17:54:16.567] [DEBUG] default - GET /stastic/getList
[2024-05-04T21:18:23.003] [DEBUG] default - GET /timeline/getList
[2024-05-04T21:19:33.991] [DEBUG] default - GET /images/favicon.ico
[2024-05-04T21:19:34.025] [DEBUG] default - GET /favicon.ico
[2024-05-04T21:19:46.246] [DEBUG] default - GET /files/123.pdf
[2024-05-04T21:19:56.834] [DEBUG] default - GET /files/123.pdf
[2024-05-04T21:19:57.187] [DEBUG] default - GET /favicon.ico
[2024-05-04T21:21:58.613] [DEBUG] default - GET /files/123.pdf
[2024-05-04T21:22:15.994] [DEBUG] default - GET /files/123.pdf
[2024-05-04T21:22:31.003] [DEBUG] default - GET /files/123.pdf
[2024-05-05T11:39:40.938] [DEBUG] default - GET /timeline/getList
[2024-05-05T11:40:21.581] [DEBUG] default - POST /systemlog/getList
[2024-05-05T11:40:36.270] [DEBUG] default - POST /systemlog/getList
[2024-05-05T11:40:41.125] [DEBUG] default - GET /icon/getList
[2024-05-05T11:40:59.070] [DEBUG] default - GET /stastic/getList
[2024-05-05T11:41:06.484] [DEBUG] default - GET /stastic/getList
[2024-05-05T11:41:18.138] [DEBUG] default - POST /order/getList
[2024-05-05T15:17:16.856] [DEBUG] default - POST /user/login
[2024-05-05T15:17:16.868] [DEBUG] default - GET /user/info?token=admin-token
[2024-05-05T15:17:26.793] [DEBUG] default - POST /user/login
[2024-05-05T15:17:26.799] [DEBUG] default - GET /user/info?token=admin-token
[2024-05-05T15:21:59.012] [DEBUG] default - POST /user/login
[2024-05-05T15:21:59.020] [DEBUG] default - GET /user/info?token=admin-token
[2024-05-05T15:22:29.392] [DEBUG] default - POST /user/login
[2024-05-05T15:22:29.398] [DEBUG] default - GET /user/info?token=admin-token
[2024-05-05T15:25:16.222] [DEBUG] default - POST /user/login
[2024-05-05T15:25:16.229] [DEBUG] default - GET /user/info?token=admin-token
[2024-05-05T15:26:02.333] [DEBUG] default - POST /user/login
[2024-05-05T15:26:02.338] [DEBUG] default - GET /user/info?token=admin-token
[2024-05-05T15:26:41.568] [DEBUG] default - POST /user/login
[2024-05-05T15:26:41.573] [DEBUG] default - GET /user/info?token=admin-token
[2024-05-05T15:26:50.892] [DEBUG] default - POST /user/login
[2024-05-05T15:26:50.896] [DEBUG] default - GET /user/info?token=admin-token
[2024-05-05T15:27:32.856] [DEBUG] default - POST /user/login
[2024-05-05T15:27:32.870] [DEBUG] default - GET /user/info?token=admin-token
[2024-05-05T15:31:09.784] [DEBUG] default - POST /user/login
[2024-05-05T15:31:09.794] [DEBUG] default - GET /user/info?token=admin-token
[2024-05-05T15:31:10.760] [DEBUG] default - POST /user/login
[2024-05-05T15:31:10.766] [DEBUG] default - GET /user/info?token=admin-token
[2024-05-05T15:33:34.641] [DEBUG] default - GET /stastic/getList
[2024-05-05T15:34:16.068] [DEBUG] default - POST /user/login
[2024-05-05T15:34:16.078] [DEBUG] default - GET /user/info?token=admin-token
[2024-05-05T15:34:16.457] [DEBUG] default - GET /timeline/getList
[2024-05-05T15:34:54.454] [DEBUG] default - POST /user/logout
[2024-05-05T15:37:11.963] [DEBUG] default - POST /user/login
[2024-05-05T15:37:11.973] [DEBUG] default - GET /user/info?token=admin-token
[2024-05-05T15:41:51.911] [DEBUG] default - POST /user/login
[2024-05-05T15:41:51.924] [DEBUG] default - GET /user/info?token=admin-token
[2024-05-05T15:41:52.008] [DEBUG] default - GET /timeline/getList
[2024-05-05T15:46:32.318] [DEBUG] default - POST /user/login
[2024-05-05T15:46:32.334] [DEBUG] default - GET /user/info?token=admin-token
[2024-05-05T15:46:32.407] [DEBUG] default - GET /timeline/getList
[2024-05-05T15:46:48.878] [DEBUG] default - POST /user/logout
[2024-05-05T16:31:38.282] [DEBUG] default - GET /stastic/getList
[2024-05-05T16:42:48.758] [DEBUG] default - GET /timeline/getList
[2024-05-05T16:43:15.181] [DEBUG] default - GET /stastic/getList
[2024-05-05T16:43:16.507] [DEBUG] default - GET /timeline/getList
[2024-05-05T17:10:33.195] [DEBUG] default - GET /user/info?token=admin-token
[2024-05-05T17:10:33.297] [DEBUG] default - GET /timeline/v2/getList
[2024-05-05T17:10:33.298] [DEBUG] default - GET /timeline/v1/getList
[2024-05-05T17:11:09.566] [DEBUG] default - GET /timeline/v1/getList
[2024-05-05T17:11:09.569] [DEBUG] default - GET /timeline/v2/getList
[2024-05-05T17:12:24.674] [DEBUG] default - GET /timeline/v1/getList
[2024-05-05T17:12:24.677] [DEBUG] default - GET /timeline/v2/getList
[2024-05-05T17:12:52.580] [DEBUG] default - GET /user/info?token=admin-token
[2024-05-05T17:12:52.665] [DEBUG] default - GET /timeline/v2/getList
[2024-05-05T17:12:52.668] [DEBUG] default - GET /timeline/v1/getList
[2024-05-05T17:32:23.271] [DEBUG] default - GET /user/info?token=admin-token
[2024-05-05T17:32:23.309] [DEBUG] default - GET /timeline/v2/getList
[2024-05-05T17:32:23.310] [DEBUG] default - GET /timeline/v1/getList
[2024-05-05T17:34:41.874] [DEBUG] default - GET /user/info?token=admin-token
[2024-05-05T17:34:41.948] [DEBUG] default - GET /timeline/v1/getList
[2024-05-05T17:34:41.950] [DEBUG] default - GET /timeline/v2/getList
[2024-05-05T17:38:39.845] [DEBUG] default - GET /user/info?token=admin-token
[2024-05-05T17:38:39.926] [DEBUG] default - GET /timeline/v1/getList
[2024-05-05T17:38:39.930] [DEBUG] default - GET /timeline/v2/getList
[2024-05-05T17:46:05.964] [DEBUG] default - GET /timeline/v1/getList
[2024-05-05T17:46:05.966] [DEBUG] default - GET /timeline/v2/getList
[2024-05-05T17:48:32.276] [DEBUG] default - GET /user/info?token=admin-token
[2024-05-05T17:48:32.562] [DEBUG] default - GET /timeline/v1/getList
[2024-05-05T17:48:32.564] [DEBUG] default - GET /timeline/v2/getList
[2024-05-05T17:48:36.844] [DEBUG] default - GET /files/123.pdf
[2024-05-05T17:48:54.593] [DEBUG] default - GET /files/123.pdf
[2024-05-05T17:51:55.581] [DEBUG] default - GET /files/123.pdf
[2024-05-05T18:00:35.153] [DEBUG] default - GET /files/123.pdf
[2024-05-05T18:01:01.574] [DEBUG] default - GET /user/info?token=admin-token
[2024-05-05T18:01:04.606] [DEBUG] default - GET /files/123.pdf
[2024-05-05T18:01:33.195] [DEBUG] default - GET /files/123.pdf
[2024-05-05T18:01:56.497] [DEBUG] default - GET /files/123.pdf
[2024-05-05T18:12:06.154] [DEBUG] default - GET /timeline/v1/getList
[2024-05-05T18:12:06.180] [DEBUG] default - GET /timeline/v2/getList
[2024-05-05T18:13:08.661] [DEBUG] default - GET /timeline/v1/getList
[2024-05-05T18:13:08.662] [DEBUG] default - GET /timeline/v2/getList
[2024-05-06T11:20:36.106] [DEBUG] default - POST /user/login
[2024-05-06T11:20:36.119] [DEBUG] default - GET /user/info?token=admin-token
[2024-05-06T11:20:36.178] [DEBUG] default - GET /timeline/v2/getList
[2024-05-06T11:20:36.179] [DEBUG] default - GET /timeline/v1/getList
[2024-05-06T11:22:02.639] [DEBUG] default - GET /user/info?token=admin-token
[2024-05-06T11:40:40.073] [DEBUG] default - GET /timeline/v1/getList
[2024-05-06T11:40:40.075] [DEBUG] default - GET /timeline/v2/getList
[2024-05-06T11:40:49.810] [DEBUG] default - GET /stastic/getList
[2024-05-06T11:40:54.764] [DEBUG] default - POST /comment/getList
[2024-05-06T11:41:05.078] [DEBUG] default - POST /order/getList
[2024-05-06T11:41:15.777] [DEBUG] default - GET /icon/getList
[2024-05-06T11:41:20.511] [DEBUG] default - GET /timeline/v2/getList
[2024-05-06T11:41:20.512] [DEBUG] default - GET /timeline/v1/getList
[2024-05-11T21:21:13.533] [DEBUG] default - POST /user/login
[2024-05-11T21:21:13.543] [DEBUG] default - GET /user/info?token=admin-token
[2024-05-11T21:21:13.615] [DEBUG] default - GET /timeline/v1/getList
[2024-05-11T21:21:13.617] [DEBUG] default - GET /timeline/v2/getList
[2024-05-11T21:22:28.585] [DEBUG] default - GET /timeline/v1/getList
[2024-05-11T21:22:28.587] [DEBUG] default - GET /timeline/v2/getList
[2024-05-11T21:22:36.496] [DEBUG] default - GET /user/info?token=admin-token
[2024-05-11T21:22:36.552] [DEBUG] default - GET /timeline/v2/getList
[2024-05-11T21:22:36.553] [DEBUG] default - GET /timeline/v1/getList
[2024-05-11T21:23:21.713] [DEBUG] default - GET /user/info?token=admin-token
[2024-05-11T21:23:21.795] [DEBUG] default - GET /timeline/v2/getList
[2024-05-11T21:23:21.796] [DEBUG] default - GET /timeline/v1/getList
[2024-05-11T21:23:22.937] [DEBUG] default - GET /timeline/v1/getList
[2024-05-11T21:23:22.938] [DEBUG] default - GET /timeline/v2/getList
[2024-05-11T21:23:26.782] [DEBUG] default - GET /timeline/v1/getList
[2024-05-11T21:23:26.784] [DEBUG] default - GET /timeline/v2/getList
[2024-05-11T21:23:54.379] [DEBUG] default - GET /user/info?token=admin-token
[2024-05-11T21:24:09.049] [DEBUG] default - GET /user/info?token=admin-token
[2024-05-11T21:24:09.146] [DEBUG] default - GET /timeline/v2/getList
[2024-05-11T21:24:09.147] [DEBUG] default - GET /timeline/v1/getList
[2024-05-11T21:25:56.821] [DEBUG] default - GET /user/info?token=admin-token
[2024-05-11T21:26:00.623] [DEBUG] default - GET /user/info?token=admin-token
[2024-05-11T21:26:00.951] [DEBUG] default - GET /timeline/v1/getList
[2024-05-11T21:26:00.953] [DEBUG] default - GET /timeline/v2/getList
[2024-05-11T21:30:54.827] [DEBUG] default - GET /user/info?token=admin-token
[2024-05-11T21:31:04.120] [DEBUG] default - GET /user/info?token=admin-token
[2024-05-11T21:31:04.218] [DEBUG] default - GET /timeline/v2/getList
[2024-05-11T21:31:04.219] [DEBUG] default - GET /timeline/v1/getList
[2024-05-11T21:31:26.936] [DEBUG] default - GET /user/info?token=admin-token
[2024-05-11T21:33:49.240] [DEBUG] default - POST /user/login
[2024-05-11T21:33:49.253] [DEBUG] default - GET /user/info?token=admin-token
[2024-05-11T21:33:49.344] [DEBUG] default - GET /timeline/v1/getList
[2024-05-11T21:33:49.346] [DEBUG] default - GET /timeline/v2/getList
[2024-05-11T21:40:46.207] [DEBUG] default - GET /user/info?token=admin-token
[2024-05-11T21:43:21.646] [DEBUG] default - GET /user/info?token=admin-token
[2024-05-11T21:54:24.598] [DEBUG] default - GET /user/info?token=admin-token
[2024-05-11T22:05:28.621] [DEBUG] default - GET /user/info?token=admin-token
[2024-05-11T22:05:39.494] [DEBUG] default - POST /user/logout
[2024-05-11T22:07:55.621] [DEBUG] default - POST /user/login
[2024-05-11T22:07:55.629] [DEBUG] default - GET /user/info?token=admin-token
[2024-05-11T22:07:55.688] [DEBUG] default - GET /timeline/v1/getList
[2024-05-11T22:07:55.690] [DEBUG] default - GET /timeline/v2/getList
[2024-05-11T22:13:34.132] [DEBUG] default - GET /timeline/v1/getList
[2024-05-11T22:13:34.132] [DEBUG] default - GET /timeline/v2/getList
[2024-05-11T22:20:02.352] [DEBUG] default - GET /user/info?token=admin-token
[2024-05-11T22:20:04.159] [DEBUG] default - GET /user/info?token=admin-token
[2024-05-11T22:20:11.474] [DEBUG] default - GET /timeline/v2/getList
[2024-05-11T22:20:11.474] [DEBUG] default - GET /timeline/v1/getList
[2024-05-14T16:39:52.586] [DEBUG] default - POST /user/login
[2024-05-14T16:39:52.601] [DEBUG] default - GET /user/info?token=admin-token
[2024-05-14T16:39:52.721] [DEBUG] default - GET /timeline/v1/getList
[2024-05-14T16:39:52.725] [DEBUG] default - GET /timeline/v2/getList
[2024-05-14T16:44:40.069] [DEBUG] default - GET /user/info?token=admin-token
[2024-05-20T08:17:22.665] [DEBUG] default - POST /user/login
[2024-05-20T08:17:22.677] [DEBUG] default - GET /user/info?token=admin-token
[2024-05-20T08:17:22.752] [DEBUG] default - GET /timeline/v1/getList
[2024-05-20T08:17:22.755] [DEBUG] default - GET /timeline/v2/getList
[2024-05-20T08:24:23.175] [DEBUG] default - GET /user/info?token=admin-token
[2024-05-20T08:24:23.286] [DEBUG] default - GET /timeline/v1/getList
[2024-05-20T08:24:23.287] [DEBUG] default - GET /timeline/v2/getList
[2024-05-20T08:24:26.321] [DEBUG] default - GET /timeline/v1/getList
[2024-05-20T08:24:26.323] [DEBUG] default - GET /timeline/v2/getList
[2024-05-20T08:24:32.486] [DEBUG] default - GET /timeline/v1/getList
[2024-05-20T08:24:32.488] [DEBUG] default - GET /timeline/v2/getList
[2024-05-20T08:26:29.360] [DEBUG] default - GET /files/123.pdf
[2024-05-20T08:37:05.303] [DEBUG] default - GET /user/info?token=admin-token
[2024-05-20T08:37:05.535] [DEBUG] default - GET /timeline/v1/getList
[2024-05-20T08:37:05.535] [DEBUG] default - GET /timeline/v2/getList
[2024-05-20T08:37:45.315] [DEBUG] default - GET /user/info?token=admin-token
[2024-05-20T08:37:45.398] [DEBUG] default - GET /timeline/v1/getList
[2024-05-20T08:37:45.399] [DEBUG] default - GET /timeline/v2/getList
[2024-05-20T08:38:06.561] [DEBUG] default - GET /timeline/v1/getList
[2024-05-20T08:38:06.562] [DEBUG] default - GET /timeline/v2/getList
[2024-05-20T08:38:09.493] [DEBUG] default - GET /timeline/v1/getList
[2024-05-20T08:38:09.493] [DEBUG] default - GET /timeline/v2/getList
[2024-05-20T08:38:20.965] [DEBUG] default - GET /timeline/v1/getList
[2024-05-20T08:38:20.966] [DEBUG] default - GET /timeline/v2/getList
[2024-05-20T08:38:22.172] [DEBUG] default - GET /timeline/v1/getList
[2024-05-20T08:38:22.173] [DEBUG] default - GET /timeline/v2/getList
[2024-05-20T10:49:26.414] [DEBUG] default - POST /user/login
[2024-05-20T10:49:26.425] [DEBUG] default - GET /user/info?token=admin-token
[2024-05-20T10:49:26.511] [DEBUG] default - GET /timeline/v1/getList
[2024-05-20T10:49:26.512] [DEBUG] default - GET /timeline/v2/getList
[2024-05-20T10:51:13.172] [DEBUG] default - GET /user/info?token=admin-token
[2024-05-20T10:51:13.295] [DEBUG] default - GET /timeline/v1/getList
[2024-05-20T10:51:13.300] [DEBUG] default - GET /timeline/v2/getList
[2024-05-20T10:53:39.357] [DEBUG] default - GET /user/info?token=admin-token
[2024-05-20T10:59:28.720] [DEBUG] default - GET /user/info?token=admin-token
[2024-05-20T11:13:45.952] [DEBUG] default - GET /user/info?token=admin-token
[2024-05-20T11:20:35.045] [DEBUG] default - GET /user/info?token=admin-token
[2024-05-20T11:23:02.336] [DEBUG] default - GET /user/info?token=admin-token
[2024-05-20T11:25:02.113] [DEBUG] default - GET /user/info?token=admin-token
[2024-05-20T21:04:10.379] [DEBUG] default - GET /user/info?token=admin-token
[2024-05-20T21:04:10.512] [DEBUG] default - GET /timeline/v1/getList
[2024-05-20T21:04:10.516] [DEBUG] default - GET /timeline/v2/getList
[2024-05-20T21:06:36.275] [DEBUG] default - GET /timeline/v1/getList
[2024-05-20T21:06:36.278] [DEBUG] default - GET /timeline/v2/getList
[2024-05-20T21:11:32.748] [DEBUG] default - GET /user/info?token=admin-token
[2024-05-20T21:11:32.838] [DEBUG] default - GET /timeline/v1/getList
[2024-05-20T21:11:32.840] [DEBUG] default - GET /timeline/v2/getList
[2024-05-20T21:15:26.301] [DEBUG] default - GET /timeline/v1/getList
[2024-05-20T21:15:26.303] [DEBUG] default - GET /timeline/v2/getList
[2024-05-20T21:19:56.190] [DEBUG] default - GET /user/info?token=admin-token
[2024-05-20T21:19:56.300] [DEBUG] default - GET /timeline/v1/getList
[2024-05-20T21:19:56.303] [DEBUG] default - GET /timeline/v2/getList
[2024-05-20T21:20:56.893] [DEBUG] default - GET /timeline/v1/getList
[2024-05-20T21:20:56.894] [DEBUG] default - GET /timeline/v2/getList
[2024-05-20T21:21:00.979] [DEBUG] default - GET /timeline/v1/getList
[2024-05-20T21:21:00.980] [DEBUG] default - GET /timeline/v2/getList
